🩺 checking the health of your Storybook..

╭ Diagnostics ──────────────────────────────────────────────────────────────────────────────────────────────────────────────────────────────────────────────────────────╮
│                                                                                                                                                                       │
│   Attention: There seems to be a mismatch between your Storybook package versions. This can result in a broken Storybook installation.                                │
│                                                                                                                                                                       │
│   The version of your storybook core packages should align with 8.6.12 (from the @storybook/angular package) or higher.                                               │
│                                                                                                                                                                       │
│   Based on your lockfile, these dependencies should be upgraded:                                                                                                      │
│                                                                                                                                                                       │
│   @storybook/addon-interactions: 7.6.20 (in your package.json)                                                                                                        │
│   @storybook/addon-links: 7.6.20 (in your package.json)                                                                                                               │
│   @storybook/test: 7.6.20 (in your package.json)                                                                                                                      │
│   storybook: 7.6.20 (in your package.json)                                                                                                                            │
│                                                                                                                                                                       │
│   You can run npx storybook@latest upgrade to upgrade all of your Storybook packages to the latest version.                                                           │
│                                                                                                                                                                       │
│   Alternatively you can try manually changing the versions to match in your package.json. We also recommend regenerating your lockfile, or running the following      │
│   command to possibly deduplicate your Storybook package versions: npm dedupe                                                                                         │
│                                                                                                                                                                       │
│   -------                                                                                                                                                             │
│                                                                                                                                                                       │
│   You can find the full logs in /Users/pranay/IdeaProjects/LDA/libs/taskbox/doctor-storybook.log                                                                      │
│                                                                                                                                                                       │
╰───────────────────────────────────────────────────────────────────────────────────────────────────────────────────────────────────────────────────────────────────────╯

